<?xml version="1.0" encoding="UTF-8"?>
<testng-results ignored="0" total="3" passed="3" failed="0" skipped="0">
  <reporter-output>
  </reporter-output>
  <suite started-at="2024-05-06T07:16:44 IST" name="Veeva Systems Assignment" finished-at="2024-05-06T07:17:34 IST" duration-ms="50046">
    <groups>
      <group name="cucumber">
        <method signature="AbstractTestNGCucumberTests.runScenario(io.cucumber.testng.PickleWrapper,io.cucumber.testng.FeatureWrapper)[pri:0, instance:org.assessment.testcaserunners.CoreProductRunner@10683d9d]" name="runScenario" class="io.cucumber.testng.AbstractTestNGCucumberTests"/>
        <method signature="AbstractTestNGCucumberTests.runScenario(io.cucumber.testng.PickleWrapper,io.cucumber.testng.FeatureWrapper)[pri:0, instance:org.assessment.testcaserunners.DP1Runner@229f66ed]" name="runScenario" class="io.cucumber.testng.AbstractTestNGCucumberTests"/>
        <method signature="AbstractTestNGCucumberTests.runScenario(io.cucumber.testng.PickleWrapper,io.cucumber.testng.FeatureWrapper)[pri:0, instance:org.assessment.testcaserunners.DP2Runner@31190526]" name="runScenario" class="io.cucumber.testng.AbstractTestNGCucumberTests"/>
      </group> <!-- cucumber -->
    </groups>
    <test started-at="2024-05-06T07:16:44 IST" name="Features" finished-at="2024-05-06T07:17:34 IST" duration-ms="50046">
      <class name="org.assessment.testcaserunners.CoreProductRunner">
        <test-method is-config="true" signature="setUpClass(org.testng.ITestContext)[pri:0, instance:org.assessment.testcaserunners.CoreProductRunner@10683d9d]" started-at="2024-05-06T07:16:44 IST" name="setUpClass" finished-at="2024-05-06T07:16:47 IST" duration-ms="2931" status="PASS">
          <params>
            <param index="0">
              <value>
                <![CDATA[org.testng.TestRunner@3315d2d7]]>
              </value>
            </param>
          </params>
          <reporter-output>
          </reporter-output>
        </test-method> <!-- setUpClass -->
        <test-method signature="runScenario(io.cucumber.testng.PickleWrapper,io.cucumber.testng.FeatureWrapper)[pri:0, instance:org.assessment.testcaserunners.CoreProductRunner@10683d9d]" started-at="2024-05-06T07:16:47 IST" name="runScenario" description="Runs Cucumber Scenarios" data-provider="scenarios" finished-at="2024-05-06T07:17:23 IST" duration-ms="35759" status="PASS">
          <params>
            <param index="0">
              <value>
                <![CDATA["Testcase1 for CP"]]>
              </value>
            </param>
            <param index="1">
              <value>
                <![CDATA["CoreProduct Feature"]]>
              </value>
            </param>
          </params>
          <reporter-output>
          </reporter-output>
        </test-method> <!-- runScenario -->
        <test-method is-config="true" signature="tearDownClass()[pri:0, instance:org.assessment.testcaserunners.CoreProductRunner@10683d9d]" started-at="2024-05-06T07:17:23 IST" name="tearDownClass" finished-at="2024-05-06T07:17:23 IST" duration-ms="161" status="PASS">
          <reporter-output>
          </reporter-output>
        </test-method> <!-- tearDownClass -->
      </class> <!-- org.assessment.testcaserunners.CoreProductRunner -->
      <class name="org.assessment.testcaserunners.DP1Runner">
        <test-method is-config="true" signature="setUpClass(org.testng.ITestContext)[pri:0, instance:org.assessment.testcaserunners.DP1Runner@229f66ed]" started-at="2024-05-06T07:17:23 IST" name="setUpClass" finished-at="2024-05-06T07:17:23 IST" duration-ms="222" status="PASS">
          <params>
            <param index="0">
              <value>
                <![CDATA[org.testng.TestRunner@3315d2d7]]>
              </value>
            </param>
          </params>
          <reporter-output>
          </reporter-output>
        </test-method> <!-- setUpClass -->
        <test-method signature="runScenario(io.cucumber.testng.PickleWrapper,io.cucumber.testng.FeatureWrapper)[pri:0, instance:org.assessment.testcaserunners.DP1Runner@229f66ed]" started-at="2024-05-06T07:17:23 IST" name="runScenario" description="Runs Cucumber Scenarios" data-provider="scenarios" finished-at="2024-05-06T07:17:27 IST" duration-ms="4098" status="PASS">
          <params>
            <param index="0">
              <value>
                <![CDATA["Test Case 3 for DP1"]]>
              </value>
            </param>
            <param index="1">
              <value>
                <![CDATA["Derived Product 1"]]>
              </value>
            </param>
          </params>
          <reporter-output>
          </reporter-output>
        </test-method> <!-- runScenario -->
        <test-method is-config="true" signature="tearDownClass()[pri:0, instance:org.assessment.testcaserunners.DP1Runner@229f66ed]" started-at="2024-05-06T07:17:27 IST" name="tearDownClass" finished-at="2024-05-06T07:17:27 IST" duration-ms="155" status="PASS">
          <reporter-output>
          </reporter-output>
        </test-method> <!-- tearDownClass -->
      </class> <!-- org.assessment.testcaserunners.DP1Runner -->
      <class name="org.assessment.testcaserunners.DP2Runner">
        <test-method is-config="true" signature="setUpClass(org.testng.ITestContext)[pri:0, instance:org.assessment.testcaserunners.DP2Runner@31190526]" started-at="2024-05-06T07:17:27 IST" name="setUpClass" finished-at="2024-05-06T07:17:28 IST" duration-ms="21" status="PASS">
          <params>
            <param index="0">
              <value>
                <![CDATA[org.testng.TestRunner@3315d2d7]]>
              </value>
            </param>
          </params>
          <reporter-output>
          </reporter-output>
        </test-method> <!-- setUpClass -->
        <test-method signature="runScenario(io.cucumber.testng.PickleWrapper,io.cucumber.testng.FeatureWrapper)[pri:0, instance:org.assessment.testcaserunners.DP2Runner@31190526]" started-at="2024-05-06T07:17:28 IST" name="runScenario" description="Runs Cucumber Scenarios" data-provider="scenarios" finished-at="2024-05-06T07:17:34 IST" duration-ms="6411" status="PASS">
          <params>
            <param index="0">
              <value>
                <![CDATA["TestCase 4 for DP2"]]>
              </value>
            </param>
            <param index="1">
              <value>
                <![CDATA["Derived Product 2"]]>
              </value>
            </param>
          </params>
          <reporter-output>
          </reporter-output>
        </test-method> <!-- runScenario -->
        <test-method is-config="true" signature="tearDownClass()[pri:0, instance:org.assessment.testcaserunners.DP2Runner@31190526]" started-at="2024-05-06T07:17:34 IST" name="tearDownClass" finished-at="2024-05-06T07:17:34 IST" duration-ms="121" status="PASS">
          <reporter-output>
          </reporter-output>
        </test-method> <!-- tearDownClass -->
      </class> <!-- org.assessment.testcaserunners.DP2Runner -->
    </test> <!-- Features -->
  </suite> <!-- Veeva Systems Assignment -->
</testng-results>
